Build started 2015/7/11 21:34:07.
     1>Project "C:\aaronwang\reference\cocos2d-x\cocos2d-x-3.6\cocos\scripting\lua-bindings\proj.win32\libluacocos2d.vcxproj" on node 3 (Build target(s)).
     1>PreBuildEvent:
         if not exist "C:\aaronwang\reference\cocos2d-x\cocos2d-x-3.6\build\Debug.win32\" mkdir "C:\aaronwang\reference\cocos2d-x\cocos2d-x-3.6\build\Debug.win32\"
         xcopy /Y /Q "C:\aaronwang\reference\cocos2d-x\cocos2d-x-3.6\cocos\scripting\lua-bindings\proj.win32\..\..\..\..\external\lua\luajit\prebuilt\win32\*.*" "C:\aaronwang\reference\cocos2d-x\cocos2d-x-3.6\build\Debug.win32\"
         :VCEnd
         复制了 2 个文件
       ClCompile:
         C:\Program Files (x86)\Microsoft Visual Studio 11.0\VC\bin\CL.exe /c /I"C:\aaronwang\reference\cocos2d-x\cocos2d-x-3.6\cocos\2d\..\..\\" /I"C:\aaronwang\reference\cocos2d-x\cocos2d-x-3.6\cocos\2d\..\..\cocos\2d" /I"C:\aaronwang\reference\cocos2d-x\cocos2d-x-3.6\cocos\2d\..\..\cocos\base" /I"C:\aaronwang\reference\cocos2d-x\cocos2d-x-3.6\cocos\2d\..\..\cocos\3d" /I"C:\aaronwang\reference\cocos2d-x\cocos2d-x-3.6\cocos\2d\..\..\cocos\audio\include" /I"C:\aaronwang\reference\cocos2d-x\cocos2d-x-3.6\cocos\2d\..\..\cocos\ui" /I"C:\aaronwang\reference\cocos2d-x\cocos2d-x-3.6\cocos\2d\..\..\external" /I"C:\aaronwang\reference\cocos2d-x\cocos2d-x-3.6\cocos\2d\..\..\external\lua" /I"C:\aaronwang\reference\cocos2d-x\cocos2d-x-3.6\cocos\2d\..\..\external\lua\tolua" /I"C:\aaronwang\reference\cocos2d-x\cocos2d-x-3.6\cocos\2d\..\..\external\lua\luajit\include" /I"C:\aaronwang\reference\cocos2d-x\cocos2d-x-3.6\cocos\2d\..\..\external\libwebsockets\win32\include" /I"C:\aaronwang\reference\cocos2d-x\cocos2d-x-3.6\cocos\2d\..\..\extensions" /I"C:\aaronwang\reference\cocos2d-x\cocos2d-x-3.6\cocos\2d\..\..\cocos\editor-support" /I"C:\aaronwang\reference\cocos2d-x\cocos2d-x-3.6\cocos\2d\..\..\cocos\editor-support\cocostudio" /I"C:\aaronwang\reference\cocos2d-x\cocos2d-x-3.6\cocos\2d\..\..\cocos\editor-support\cocostudio\ActionTimeline" /I"C:\aaronwang\reference\cocos2d-x\cocos2d-x-3.6\cocos\2d\..\..\cocos\editor-support\spine" /I"C:\aaronwang\reference\cocos2d-x\cocos2d-x-3.6\cocos\2d\..\..\cocos\editor-support\cocosbuilder" /I"C:\aaronwang\reference\cocos2d-x\cocos2d-x-3.6\cocos\2d\..\..\cocos\scripting\lua-bindings\manual" /I"C:\aaronwang\reference\cocos2d-x\cocos2d-x-3.6\cocos\2d\..\..\cocos\scripting\lua-bindings\auto" /I"C:\aaronwang\reference\cocos2d-x\cocos2d-x-3.6\cocos\2d\..\..\cocos\scripting\lua-bindings\manual\extension" /I"C:\aaronwang\reference\cocos2d-x\cocos2d-x-3.6\cocos\2d\..\..\cocos\scripting\lua-bindings\manual\cocostudio" /I"C:\aaronwang\reference\cocos2d-x\cocos2d-x-3.6\cocos\2d\..\..\cocos\scripting\lua-bindings\manual\ui" /I"C:\aaronwang\reference\cocos2d-x\cocos2d-x-3.6\cocos\2d\..\..\cocos\scripting\lua-bindings\manual\cocos2d" /I"C:\aaronwang\reference\cocos2d-x\cocos2d-x-3.6\cocos\2d\..\..\cocos\editor-support" /I"C:\aaronwang\reference\cocos2d-x\cocos2d-x-3.6\cocos\2d\..\..\cocos" /I"C:\aaronwang\reference\cocos2d-x\cocos2d-x-3.6\cocos\2d\..\..\cocos\platform" /I"C:\aaronwang\reference\cocos2d-x\cocos2d-x-3.6\cocos\2d\..\..\cocos\platform\desktop" /I"C:\aaronwang\reference\cocos2d-x\cocos2d-x-3.6\cocos\2d\..\..\external\glfw3\include\win32" /I"C:\aaronwang\reference\cocos2d-x\cocos2d-x-3.6\cocos\2d\..\..\external\win32-specific\gles\include\OGLES" /I"C:\aaronwang\reference\cocos2d-x\cocos2d-x-3.6\cocos\2d\..\..\external\freetype2\include\win32\freetype2" /I"C:\aaronwang\reference\cocos2d-x\cocos2d-x-3.6\cocos\2d\..\..\external\freetype2\include\win32\\" /Z7 /nologo /W3 /WX- /MP /Od /Oy- /D WIN32 /D _WINDOWS /D _DEBUG /D COCOS2D_DEBUG=1 /D _CRT_SECURE_NO_WARNINGS /D _VARIADIC_MAX=10 /D _UNICODE /D UNICODE /Gm- /EHsc /RTC1 /MDd /GS /fp:precise /Zc:wchar_t /Zc:forScope /Fo"Debug.win32\libluacocos2d\\" /Fd"Debug.win32\libluacocos2d\vc110.pdb" /Gd /TC /wd4800 /wd4267 /wd4251 /wd4244 /analyze- /errorReport:prompt ..\..\..\..\external\lua\luasocket\auxiliar.c ..\..\..\..\external\lua\luasocket\buffer.c ..\..\..\..\external\lua\luasocket\except.c ..\..\..\..\external\lua\luasocket\inet.c ..\..\..\..\external\lua\luasocket\io.c ..\..\..\..\external\lua\luasocket\luasocket.c ..\..\..\..\external\lua\luasocket\luasocket_scripts.c ..\..\..\..\external\lua\luasocket\mime.c ..\..\..\..\external\lua\luasocket\options.c ..\..\..\..\external\lua\luasocket\select.c ..\..\..\..\external\lua\luasocket\tcp.c ..\..\..\..\external\lua\luasocket\timeout.c ..\..\..\..\external\lua\luasocket\udp.c ..\..\..\..\external\lua\luasocket\wsocket.c ..\..\..\..\external\lua\tolua\tolua_event.c ..\..\..\..\external\lua\tolua\tolua_is.c ..\..\..\..\external\lua\tolua\tolua_map.c ..\..\..\..\external\lua\tolua\tolua_push.c ..\..\..\..\external\lua\tolua\tolua_to.c ..\manual\network\lua_extensions.c
         auxiliar.c
         buffer.c
         except.c
         inet.c
         io.c
         luasocket.c
         luasocket_scripts.c
         mime.c
         options.c
         select.c
         tcp.c
         timeout.c
         udp.c
         wsocket.c
     1>..\..\..\..\external\lua\luasocket\inet.c(254): warning C4133: 'function' : incompatible types - from 'WCHAR *' to 'const char *'
     1>..\..\..\..\external\lua\luasocket\inet.c(288): warning C4133: 'function' : incompatible types - from 'WCHAR *' to 'const char *'
         tolua_event.c
     1>..\..\..\..\external\lua\luasocket\udp.c(181): warning C4133: 'function' : incompatible types - from 'WCHAR *' to 'const char *'
     1>..\..\..\..\external\lua\luasocket\udp.c(251): warning C4133: 'function' : incompatible types - from 'WCHAR *' to 'const char *'
         tolua_is.c
         tolua_map.c
         tolua_push.c
         tolua_to.c
         lua_extensions.c
     1>..\..\..\..\external\lua\luasocket\wsocket.c(431): warning C4133: 'return' : incompatible types - from 'WCHAR *' to 'const char *'
         C:\Program Files (x86)\Microsoft Visual Studio 11.0\VC\bin\CL.exe /c /I"C:\aaronwang\reference\cocos2d-x\cocos2d-x-3.6\cocos\2d\..\..\\" /I"C:\aaronwang\reference\cocos2d-x\cocos2d-x-3.6\cocos\2d\..\..\cocos\2d" /I"C:\aaronwang\reference\cocos2d-x\cocos2d-x-3.6\cocos\2d\..\..\cocos\base" /I"C:\aaronwang\reference\cocos2d-x\cocos2d-x-3.6\cocos\2d\..\..\cocos\3d" /I"C:\aaronwang\reference\cocos2d-x\cocos2d-x-3.6\cocos\2d\..\..\cocos\audio\include" /I"C:\aaronwang\reference\cocos2d-x\cocos2d-x-3.6\cocos\2d\..\..\cocos\ui" /I"C:\aaronwang\reference\cocos2d-x\cocos2d-x-3.6\cocos\2d\..\..\external" /I"C:\aaronwang\reference\cocos2d-x\cocos2d-x-3.6\cocos\2d\..\..\external\lua" /I"C:\aaronwang\reference\cocos2d-x\cocos2d-x-3.6\cocos\2d\..\..\external\lua\tolua" /I"C:\aaronwang\reference\cocos2d-x\cocos2d-x-3.6\cocos\2d\..\..\external\lua\luajit\include" /I"C:\aaronwang\reference\cocos2d-x\cocos2d-x-3.6\cocos\2d\..\..\external\libwebsockets\win32\include" /I"C:\aaronwang\reference\cocos2d-x\cocos2d-x-3.6\cocos\2d\..\..\extensions" /I"C:\aaronwang\reference\cocos2d-x\cocos2d-x-3.6\cocos\2d\..\..\cocos\editor-support" /I"C:\aaronwang\reference\cocos2d-x\cocos2d-x-3.6\cocos\2d\..\..\cocos\editor-support\cocostudio" /I"C:\aaronwang\reference\cocos2d-x\cocos2d-x-3.6\cocos\2d\..\..\cocos\editor-support\cocostudio\ActionTimeline" /I"C:\aaronwang\reference\cocos2d-x\cocos2d-x-3.6\cocos\2d\..\..\cocos\editor-support\spine" /I"C:\aaronwang\reference\cocos2d-x\cocos2d-x-3.6\cocos\2d\..\..\cocos\editor-support\cocosbuilder" /I"C:\aaronwang\reference\cocos2d-x\cocos2d-x-3.6\cocos\2d\..\..\cocos\scripting\lua-bindings\manual" /I"C:\aaronwang\reference\cocos2d-x\cocos2d-x-3.6\cocos\2d\..\..\cocos\scripting\lua-bindings\auto" /I"C:\aaronwang\reference\cocos2d-x\cocos2d-x-3.6\cocos\2d\..\..\cocos\scripting\lua-bindings\manual\extension" /I"C:\aaronwang\reference\cocos2d-x\cocos2d-x-3.6\cocos\2d\..\..\cocos\scripting\lua-bindings\manual\cocostudio" /I"C:\aaronwang\reference\cocos2d-x\cocos2d-x-3.6\cocos\2d\..\..\cocos\scripting\lua-bindings\manual\ui" /I"C:\aaronwang\reference\cocos2d-x\cocos2d-x-3.6\cocos\2d\..\..\cocos\scripting\lua-bindings\manual\cocos2d" /I"C:\aaronwang\reference\cocos2d-x\cocos2d-x-3.6\cocos\2d\..\..\cocos\editor-support" /I"C:\aaronwang\reference\cocos2d-x\cocos2d-x-3.6\cocos\2d\..\..\cocos" /I"C:\aaronwang\reference\cocos2d-x\cocos2d-x-3.6\cocos\2d\..\..\cocos\platform" /I"C:\aaronwang\reference\cocos2d-x\cocos2d-x-3.6\cocos\2d\..\..\cocos\platform\desktop" /I"C:\aaronwang\reference\cocos2d-x\cocos2d-x-3.6\cocos\2d\..\..\external\glfw3\include\win32" /I"C:\aaronwang\reference\cocos2d-x\cocos2d-x-3.6\cocos\2d\..\..\external\win32-specific\gles\include\OGLES" /I"C:\aaronwang\reference\cocos2d-x\cocos2d-x-3.6\cocos\2d\..\..\external\freetype2\include\win32\freetype2" /I"C:\aaronwang\reference\cocos2d-x\cocos2d-x-3.6\cocos\2d\..\..\external\freetype2\include\win32\\" /Z7 /nologo /W3 /WX- /MP /Od /Oy- /D WIN32 /D _WINDOWS /D _DEBUG /D COCOS2D_DEBUG=1 /D _CRT_SECURE_NO_WARNINGS /D _VARIADIC_MAX=10 /D _UNICODE /D UNICODE /Gm- /EHsc /RTC1 /MDd /GS /fp:precise /Zc:wchar_t /Zc:forScope /Fo"Debug.win32\libluacocos2d\\" /Fd"Debug.win32\libluacocos2d\vc110.pdb" /Gd /TP /wd4800 /wd4267 /wd4251 /wd4244 /analyze- /errorReport:prompt ..\..\..\..\external\xxtea\xxtea.cpp ..\auto\lua_cocos2dx_3d_auto.cpp ..\auto\lua_cocos2dx_audioengine_auto.cpp ..\auto\lua_cocos2dx_auto.cpp ..\auto\lua_cocos2dx_cocosbuilder_auto.cpp ..\auto\lua_cocos2dx_cocosdenshion_auto.cpp ..\auto\lua_cocos2dx_csloader_auto.cpp ..\auto\lua_cocos2dx_experimental_auto.cpp ..\auto\lua_cocos2dx_experimental_video_auto.cpp ..\auto\lua_cocos2dx_experimental_webview_auto.cpp ..\auto\lua_cocos2dx_extension_auto.cpp ..\auto\lua_cocos2dx_physics_auto.cpp ..\auto\lua_cocos2dx_spine_auto.cpp ..\auto\lua_cocos2dx_studio_auto.cpp ..\auto\lua_cocos2dx_ui_auto.cpp ..\manual\3d\lua_cocos2dx_3d_manual.cpp ..\manual\audioengine\lua_cocos2dx_audioengine_manual.cpp ..\manual\CCLuaBridge.cpp ..\manual\CCLuaEngine.cpp ..\manual\CCLuaStack.cpp ..\manual\CCLuaValue.cpp ..\manual\Cocos2dxLuaLoader.cpp ..\manual\cocos2d\LuaOpengl.cpp ..\manual\cocos2d\LuaScriptHandlerMgr.cpp ..\manual\cocos2d\lua_cocos2dx_deprecated.cpp ..\manual\cocos2d\lua_cocos2dx_experimental_manual.cpp ..\manual\cocos2d\lua_cocos2dx_manual.cpp ..\manual\cocos2d\lua_cocos2dx_physics_manual.cpp ..\manual\cocosbuilder\CCBProxy.cpp ..\manual\cocosbuilder\lua_cocos2dx_cocosbuilder_manual.cpp ..\manual\cocosdenshion\lua_cocos2dx_cocosdenshion_manual.cpp ..\manual\cocostudio\CustomGUIReader.cpp "..\manual\cocostudio\lua-cocos-studio-conversions.cpp" ..\manual\cocostudio\lua_cocos2dx_coco_studio_manual.cpp ..\manual\cocostudio\lua_cocos2dx_csloader_manual.cpp ..\manual\extension\lua_cocos2dx_extension_manual.cpp ..\manual\LuaBasicConversions.cpp ..\manual\network\lua_cocos2dx_network_manual.cpp ..\manual\network\Lua_web_socket.cpp ..\manual\network\lua_xml_http_request.cpp ..\manual\spine\LuaSkeletonAnimation.cpp ..\manual\spine\lua_cocos2dx_spine_manual.cpp ..\manual\tolua_fix.cpp ..\manual\ui\lua_cocos2dx_experimental_video_manual.cpp ..\manual\ui\lua_cocos2dx_experimental_webview_manual.cpp ..\manual\ui\lua_cocos2dx_ui_manual.cpp
         xxtea.cpp
         lua_cocos2dx_3d_auto.cpp
         lua_cocos2dx_audioengine_auto.cpp
         lua_cocos2dx_auto.cpp
         lua_cocos2dx_cocosbuilder_auto.cpp
         lua_cocos2dx_cocosdenshion_auto.cpp
         lua_cocos2dx_csloader_auto.cpp
         lua_cocos2dx_experimental_auto.cpp
         lua_cocos2dx_experimental_video_auto.cpp
         lua_cocos2dx_experimental_webview_auto.cpp
         lua_cocos2dx_extension_auto.cpp
     1>..\auto\lua_cocos2dx_3d_auto.cpp(3889): warning C4083: expected '('; found identifier 'NO'
     1>..\auto\lua_cocos2dx_experimental_auto.cpp(2155): warning C4083: expected '('; found identifier 'NO'
     1>..\auto\lua_cocos2dx_auto.cpp(16859): warning C4083: expected '('; found identifier 'NO'
     1>..\auto\lua_cocos2dx_auto.cpp(16901): warning C4083: expected '('; found identifier 'NO'
         lua_cocos2dx_physics_auto.cpp
         lua_cocos2dx_spine_auto.cpp
         lua_cocos2dx_studio_auto.cpp
     1>..\auto\lua_cocos2dx_auto.cpp(72899): warning C4083: expected '('; found identifier 'NO'
     1>c:\aaronwang\reference\cocos2d-x\cocos2d-x-3.6\cocos\scripting\lua-bindings\auto\lua_cocos2dx_experimental_auto.cpp(2162): warning C4700: uninitialized local variable 'arg1' used
         lua_cocos2dx_ui_auto.cpp
         lua_cocos2dx_3d_manual.cpp
     1>..\auto\lua_cocos2dx_extension_auto.cpp(15163): warning C4083: expected '('; found identifier 'NO'
         lua_cocos2dx_audioengine_manual.cpp
     1>c:\aaronwang\reference\cocos2d-x\cocos2d-x-3.6\cocos\scripting\lua-bindings\auto\lua_cocos2dx_extension_auto.cpp(15170): warning C4700: uninitialized local variable 'arg0' used
         CCLuaBridge.cpp
         CCLuaEngine.cpp
     1>..\auto\lua_cocos2dx_spine_auto.cpp(579): warning C4083: expected '('; found identifier 'NO'
     1>..\auto\lua_cocos2dx_spine_auto.cpp(793): warning C4083: expected '('; found identifier 'NO'
     1>..\auto\lua_cocos2dx_spine_auto.cpp(810): warning C4083: expected '('; found identifier 'NO'
     1>..\auto\lua_cocos2dx_spine_auto.cpp(950): warning C4083: expected '('; found identifier 'NO'
     1>..\auto\lua_cocos2dx_spine_auto.cpp(1008): warning C4083: expected '('; found identifier 'NO'
     1>..\auto\lua_cocos2dx_spine_auto.cpp(1066): warning C4083: expected '('; found identifier 'NO'
     1>..\auto\lua_cocos2dx_spine_auto.cpp(1178): warning C4083: expected '('; found identifier 'NO'
     1>..\auto\lua_cocos2dx_physics_auto.cpp(4918): warning C4083: expected '('; found identifier 'NO'
     1>..\manual\3d\lua_cocos2dx_3d_manual.cpp(208): warning C4996: 'lua_cocos2dx_3d_Sprite3D_setBlendFunc01': was declared deprecated
                 ..\manual\3d\lua_cocos2dx_3d_manual.cpp(31) : see declaration of 'lua_cocos2dx_3d_Sprite3D_setBlendFunc01'
     1>..\manual\3d\lua_cocos2dx_3d_manual.cpp(1798): warning C4018: '<=' : signed/unsigned mismatch
     1>..\manual\3d\lua_cocos2dx_3d_manual.cpp(1817): warning C4018: '<=' : signed/unsigned mismatch
     1>..\auto\lua_cocos2dx_ui_auto.cpp(22093): warning C4083: expected '('; found identifier 'NO'
     1>..\auto\lua_cocos2dx_ui_auto.cpp(22238): warning C4083: expected '('; found identifier 'NO'
     1>..\auto\lua_cocos2dx_ui_auto.cpp(22633): warning C4083: expected '('; found identifier 'NO'
     1>..\auto\lua_cocos2dx_ui_auto.cpp(22794): warning C4083: expected '('; found identifier 'NO'
     1>c:\aaronwang\reference\cocos2d-x\cocos2d-x-3.6\cocos\scripting\lua-bindings\auto\lua_cocos2dx_spine_auto.cpp(963): warning C4700: uninitialized local variable 'arg0' used
     1>c:\aaronwang\reference\cocos2d-x\cocos2d-x-3.6\cocos\scripting\lua-bindings\auto\lua_cocos2dx_spine_auto.cpp(796): warning C4700: uninitialized local variable 'arg1' used
     1>c:\aaronwang\reference\cocos2d-x\cocos2d-x-3.6\cocos\scripting\lua-bindings\auto\lua_cocos2dx_spine_auto.cpp(816): warning C4700: uninitialized local variable 'arg1' used
     1>c:\aaronwang\reference\cocos2d-x\cocos2d-x-3.6\cocos\scripting\lua-bindings\auto\lua_cocos2dx_spine_auto.cpp(1021): warning C4700: uninitialized local variable 'arg0' used
     1>c:\aaronwang\reference\cocos2d-x\cocos2d-x-3.6\cocos\scripting\lua-bindings\auto\lua_cocos2dx_spine_auto.cpp(1079): warning C4700: uninitialized local variable 'arg0' used
     1>c:\aaronwang\reference\cocos2d-x\cocos2d-x-3.6\cocos\scripting\lua-bindings\auto\lua_cocos2dx_spine_auto.cpp(1191): warning C4700: uninitialized local variable 'arg0' used
         CCLuaStack.cpp
         CCLuaValue.cpp
         Cocos2dxLuaLoader.cpp
         LuaOpengl.cpp
         LuaScriptHandlerMgr.cpp
         lua_cocos2dx_deprecated.cpp
         lua_cocos2dx_experimental_manual.cpp
         lua_cocos2dx_manual.cpp
         lua_cocos2dx_physics_manual.cpp
     1>..\manual\CCLuaStack.cpp(810): warning C4996: 'cocos2d::FileUtils::getFileData': was declared deprecated
                 c:\aaronwang\reference\cocos2d-x\cocos2d-x-3.6\cocos\platform/CCFileUtils.h(111) : see declaration of 'cocos2d::FileUtils::getFileData'
                 c:\aaronwang\reference\cocos2d-x\cocos2d-x-3.6\cocos\platform/CCFileUtils.h(111) : see declaration of 'cocos2d::FileUtils::getFileData'
     1>..\manual\CCLuaStack.cpp(852): warning C4018: '<' : signed/unsigned mismatch
     1>..\manual\cocos2d\LuaOpengl.cpp(4431): warning C4996: 'cocos2d::DrawPrimitives::drawPoint': was declared deprecated
                 c:\aaronwang\reference\cocos2d-x\cocos2d-x-3.6\cocos\2d/CCDrawingPrimitives.h(100) : see declaration of 'cocos2d::DrawPrimitives::drawPoint'
     1>..\manual\cocos2d\LuaOpengl.cpp(4466): warning C4018: '<' : signed/unsigned mismatch
     1>..\manual\cocos2d\LuaOpengl.cpp(4484): warning C4996: 'cocos2d::DrawPrimitives::drawPoints': was declared deprecated
                 c:\aaronwang\reference\cocos2d-x\cocos2d-x-3.6\cocos\2d/CCDrawingPrimitives.h(108) : see declaration of 'cocos2d::DrawPrimitives::drawPoints'
     1>..\manual\cocos2d\LuaOpengl.cpp(4519): warning C4996: 'cocos2d::DrawPrimitives::drawLine': was declared deprecated
                 c:\aaronwang\reference\cocos2d-x\cocos2d-x-3.6\cocos\2d/CCDrawingPrimitives.h(115) : see declaration of 'cocos2d::DrawPrimitives::drawLine'
     1>..\manual\cocos2d\LuaOpengl.cpp(4552): warning C4996: 'cocos2d::DrawPrimitives::drawRect': was declared deprecated
                 c:\aaronwang\reference\cocos2d-x\cocos2d-x-3.6\cocos\2d/CCDrawingPrimitives.h(123) : see declaration of 'cocos2d::DrawPrimitives::drawRect'
     1>..\manual\cocos2d\LuaOpengl.cpp(4592): warning C4996: 'cocos2d::DrawPrimitives::drawSolidRect': was declared deprecated
                 c:\aaronwang\reference\cocos2d-x\cocos2d-x-3.6\cocos\2d/CCDrawingPrimitives.h(133) : see declaration of 'cocos2d::DrawPrimitives::drawSolidRect'
     1>..\manual\cocos2d\LuaOpengl.cpp(4628): warning C4018: '<' : signed/unsigned mismatch
     1>..\manual\cocos2d\LuaOpengl.cpp(4646): warning C4996: 'cocos2d::DrawPrimitives::drawPoly': was declared deprecated
                 c:\aaronwang\reference\cocos2d-x\cocos2d-x-3.6\cocos\2d/CCDrawingPrimitives.h(142) : see declaration of 'cocos2d::DrawPrimitives::drawPoly'
     1>..\manual\cocos2d\LuaOpengl.cpp(4682): warning C4018: '<' : signed/unsigned mismatch
     1>..\manual\cocos2d\LuaOpengl.cpp(4708): warning C4996: 'cocos2d::DrawPrimitives::drawSolidPoly': was declared deprecated
                 c:\aaronwang\reference\cocos2d-x\cocos2d-x-3.6\cocos\2d/CCDrawingPrimitives.h(150) : see declaration of 'cocos2d::DrawPrimitives::drawSolidPoly'
     1>..\manual\cocos2d\LuaOpengl.cpp(4752): warning C4996: 'cocos2d::DrawPrimitives::drawCircle': was declared deprecated
                 c:\aaronwang\reference\cocos2d-x\cocos2d-x-3.6\cocos\2d/CCDrawingPrimitives.h(162) : see declaration of 'cocos2d::DrawPrimitives::drawCircle'
     1>..\manual\cocos2d\LuaOpengl.cpp(4790): warning C4996: 'cocos2d::DrawPrimitives::drawSolidCircle': was declared deprecated
                 c:\aaronwang\reference\cocos2d-x\cocos2d-x-3.6\cocos\2d/CCDrawingPrimitives.h(183) : see declaration of 'cocos2d::DrawPrimitives::drawSolidCircle'
     1>..\manual\cocos2d\LuaOpengl.cpp(4832): warning C4996: 'cocos2d::DrawPrimitives::drawQuadBezier': was declared deprecated
                 c:\aaronwang\reference\cocos2d-x\cocos2d-x-3.6\cocos\2d/CCDrawingPrimitives.h(203) : see declaration of 'cocos2d::DrawPrimitives::drawQuadBezier'
     1>..\manual\cocos2d\LuaOpengl.cpp(4879): warning C4996: 'cocos2d::DrawPrimitives::drawCubicBezier': was declared deprecated
                 c:\aaronwang\reference\cocos2d-x\cocos2d-x-3.6\cocos\2d/CCDrawingPrimitives.h(215) : see declaration of 'cocos2d::DrawPrimitives::drawCubicBezier'
     1>..\manual\cocos2d\LuaOpengl.cpp(4925): warning C4996: 'cocos2d::DrawPrimitives::drawCatmullRom': was declared deprecated
                 c:\aaronwang\reference\cocos2d-x\cocos2d-x-3.6\cocos\2d/CCDrawingPrimitives.h(224) : see declaration of 'cocos2d::DrawPrimitives::drawCatmullRom'
     1>..\manual\cocos2d\LuaOpengl.cpp(4971): warning C4996: 'cocos2d::DrawPrimitives::drawCardinalSpline': was declared deprecated
                 c:\aaronwang\reference\cocos2d-x\cocos2d-x-3.6\cocos\2d/CCDrawingPrimitives.h(234) : see declaration of 'cocos2d::DrawPrimitives::drawCardinalSpline'
     1>..\manual\cocos2d\LuaOpengl.cpp(5003): warning C4996: 'cocos2d::DrawPrimitives::setDrawColor4B': was declared deprecated
                 c:\aaronwang\reference\cocos2d-x\cocos2d-x-3.6\cocos\2d/CCDrawingPrimitives.h(245) : see declaration of 'cocos2d::DrawPrimitives::setDrawColor4B'
     1>..\manual\cocos2d\LuaOpengl.cpp(5035): warning C4996: 'cocos2d::DrawPrimitives::setDrawColor4F': was declared deprecated
                 c:\aaronwang\reference\cocos2d-x\cocos2d-x-3.6\cocos\2d/CCDrawingPrimitives.h(256) : see declaration of 'cocos2d::DrawPrimitives::setDrawColor4F'
     1>..\manual\cocos2d\LuaOpengl.cpp(5061): warning C4996: 'cocos2d::DrawPrimitives::setPointSize': was declared deprecated
                 c:\aaronwang\reference\cocos2d-x\cocos2d-x-3.6\cocos\2d/CCDrawingPrimitives.h(263) : see declaration of 'cocos2d::DrawPrimitives::setPointSize'
     1>..\manual\cocos2d\LuaOpengl.cpp(5086): warning C4996: 'tolua_cocos2d_DrawPrimitives_drawPoint00': was declared deprecated
                 ..\manual\cocos2d\LuaOpengl.cpp(4417) : see declaration of 'tolua_cocos2d_DrawPrimitives_drawPoint00'
     1>..\manual\cocos2d\LuaOpengl.cpp(5087): warning C4996: 'tolua_cocos2d_DrawPrimitives_drawPoints00': was declared deprecated
                 ..\manual\cocos2d\LuaOpengl.cpp(4445) : see declaration of 'tolua_cocos2d_DrawPrimitives_drawPoints00'
     1>..\manual\cocos2d\LuaOpengl.cpp(5088): warning C4996: 'tolua_cocos2d_DrawPrimitives_drawLine00': was declared deprecated
                 ..\manual\cocos2d\LuaOpengl.cpp(4499) : see declaration of 'tolua_cocos2d_DrawPrimitives_drawLine00'
     1>..\manual\cocos2d\LuaOpengl.cpp(5089): warning C4996: 'tolua_cocos2d_DrawPrimitives_drawRect00': was declared deprecated
                 ..\manual\cocos2d\LuaOpengl.cpp(4532) : see declaration of 'tolua_cocos2d_DrawPrimitives_drawRect00'
     1>..\manual\cocos2d\LuaOpengl.cpp(5090): warning C4996: 'tolua_cocos2d_DrawPrimitives_drawSolidRect00': was declared deprecated
                 ..\manual\cocos2d\LuaOpengl.cpp(4565) : see declaration of 'tolua_cocos2d_DrawPrimitives_drawSolidRect00'
     1>..\manual\cocos2d\LuaOpengl.cpp(5091): warning C4996: 'tolua_cocos2d_DrawPrimitives_drawPoly00': was declared deprecated
                 ..\manual\cocos2d\LuaOpengl.cpp(4605) : see declaration of 'tolua_cocos2d_DrawPrimitives_drawPoly00'
     1>..\manual\cocos2d\LuaOpengl.cpp(5092): warning C4996: 'tolua_cocos2d_DrawPrimitives_drawSolidPoly00': was declared deprecated
                 ..\manual\cocos2d\LuaOpengl.cpp(4661) : see declaration of 'tolua_cocos2d_DrawPrimitives_drawSolidPoly00'
     1>..\manual\cocos2d\LuaOpengl.cpp(5093): warning C4996: 'tolua_cocos2d_DrawPrimitives_drawCircle00': was declared deprecated
                 ..\manual\cocos2d\LuaOpengl.cpp(4723) : see declaration of 'tolua_cocos2d_DrawPrimitives_drawCircle00'
     1>..\manual\cocos2d\LuaOpengl.cpp(5094): warning C4996: 'tolua_cocos2d_DrawPrimitives_drawSolidCircle00': was declared deprecated
                 ..\manual\cocos2d\LuaOpengl.cpp(4765) : see declaration of 'tolua_cocos2d_DrawPrimitives_drawSolidCircle00'
     1>..\manual\cocos2d\LuaOpengl.cpp(5095): warning C4996: 'tolua_cocos2d_DrawPrimitives_drawQuadBezier00': was declared deprecated
                 ..\manual\cocos2d\LuaOpengl.cpp(4804) : see declaration of 'tolua_cocos2d_DrawPrimitives_drawQuadBezier00'
     1>..\manual\cocos2d\LuaOpengl.cpp(5096): warning C4996: 'tolua_cocos2d_DrawPrimitives_drawCubicBezier00': was declared deprecated
                 ..\manual\cocos2d\LuaOpengl.cpp(4845) : see declaration of 'tolua_cocos2d_DrawPrimitives_drawCubicBezier00'
     1>..\manual\cocos2d\LuaOpengl.cpp(5097): warning C4996: 'tolua_cocos2d_DrawPrimitives_drawCatmullRom00': was declared deprecated
                 ..\manual\cocos2d\LuaOpengl.cpp(4892) : see declaration of 'tolua_cocos2d_DrawPrimitives_drawCatmullRom00'
     1>..\manual\cocos2d\LuaOpengl.cpp(5098): warning C4996: 'tolua_cocos2d_DrawPrimitives_drawCardinalSpline00': was declared deprecated
                 ..\manual\cocos2d\LuaOpengl.cpp(4938) : see declaration of 'tolua_cocos2d_DrawPrimitives_drawCardinalSpline00'
     1>..\manual\cocos2d\LuaOpengl.cpp(5099): warning C4996: 'tolua_cocos2d_DrawPrimitives_drawColor4B00': was declared deprecated
                 ..\manual\cocos2d\LuaOpengl.cpp(4984) : see declaration of 'tolua_cocos2d_DrawPrimitives_drawColor4B00'
     1>..\manual\cocos2d\LuaOpengl.cpp(5100): warning C4996: 'tolua_cocos2d_DrawPrimitives_drawColor4F00': was declared deprecated
                 ..\manual\cocos2d\LuaOpengl.cpp(5016) : see declaration of 'tolua_cocos2d_DrawPrimitives_drawColor4F00'
     1>..\manual\cocos2d\LuaOpengl.cpp(5101): warning C4996: 'tolua_cocos2d_DrawPrimitives_setPointSize00': was declared deprecated
                 ..\manual\cocos2d\LuaOpengl.cpp(5048) : see declaration of 'tolua_cocos2d_DrawPrimitives_setPointSize00'
         CCBProxy.cpp
         lua_cocos2dx_cocosbuilder_manual.cpp
         lua_cocos2dx_cocosdenshion_manual.cpp
     1>..\manual\cocos2d\lua_cocos2dx_deprecated.cpp(1527): warning C4018: '<' : signed/unsigned mismatch
     1>..\manual\Cocos2dxLuaLoader.cpp(90): warning C4996: 'cocos2d::FileUtils::getFileData': was declared deprecated
                 c:\aaronwang\reference\cocos2d-x\cocos2d-x-3.6\cocos\platform/CCFileUtils.h(111) : see declaration of 'cocos2d::FileUtils::getFileData'
                 c:\aaronwang\reference\cocos2d-x\cocos2d-x-3.6\cocos\platform/CCFileUtils.h(111) : see declaration of 'cocos2d::FileUtils::getFileData'
     1>..\manual\Cocos2dxLuaLoader.cpp(98): warning C4996: 'cocos2d::FileUtils::getFileData': was declared deprecated
                 c:\aaronwang\reference\cocos2d-x\cocos2d-x-3.6\cocos\platform/CCFileUtils.h(111) : see declaration of 'cocos2d::FileUtils::getFileData'
                 c:\aaronwang\reference\cocos2d-x\cocos2d-x-3.6\cocos\platform/CCFileUtils.h(111) : see declaration of 'cocos2d::FileUtils::getFileData'
     1>..\manual\cocos2d\lua_cocos2dx_manual.cpp(270): warning C4018: '<=' : signed/unsigned mismatch
     1>..\manual\cocos2d\lua_cocos2dx_manual.cpp(419): warning C4018: '<' : signed/unsigned mismatch
     1>..\manual\cocos2d\lua_cocos2dx_manual.cpp(1752): warning C4018: '<=' : signed/unsigned mismatch
     1>..\manual\cocos2d\lua_cocos2dx_manual.cpp(2558): warning C4018: '<=' : signed/unsigned mismatch
     1>..\manual\cocos2d\lua_cocos2dx_manual.cpp(2953): warning C4018: '<' : signed/unsigned mismatch
     1>..\manual\cocos2d\lua_cocos2dx_manual.cpp(3039): warning C4018: '<' : signed/unsigned mismatch
     1>..\manual\cocos2d\lua_cocos2dx_manual.cpp(3118): warning C4018: '<' : signed/unsigned mismatch
     1>..\manual\cocos2d\lua_cocos2dx_manual.cpp(3328): warning C4018: '<' : signed/unsigned mismatch
     1>..\manual\cocos2d\lua_cocos2dx_manual.cpp(3368): warning C4018: '<' : signed/unsigned mismatch
     1>..\manual\cocos2d\lua_cocos2dx_manual.cpp(3983): warning C4018: '<=' : signed/unsigned mismatch
     1>..\manual\cocos2d\lua_cocos2dx_manual.cpp(4057): warning C4018: '<=' : signed/unsigned mismatch
     1>..\manual\cocos2d\lua_cocos2dx_manual.cpp(4132): warning C4018: '<=' : signed/unsigned mismatch
     1>..\manual\cocos2d\lua_cocos2dx_manual.cpp(4205): warning C4018: '<=' : signed/unsigned mismatch
     1>..\manual\cocos2d\lua_cocos2dx_manual.cpp(4280): warning C4018: '<=' : signed/unsigned mismatch
     1>..\manual\cocos2d\lua_cocos2dx_manual.cpp(5034): warning C4996: 'tolua_cocos2dx_DrawNode_setBlendFunc01': was declared deprecated
                 ..\manual\cocos2d\lua_cocos2dx_manual.cpp(3547) : see declaration of 'tolua_cocos2dx_DrawNode_setBlendFunc01'
     1>..\manual\cocos2d\lua_cocos2dx_manual.cpp(5047): warning C4996: 'tolua_cocos2dx_Sprite_setBlendFunc01': was declared deprecated
                 ..\manual\cocos2d\lua_cocos2dx_manual.cpp(3456) : see declaration of 'tolua_cocos2dx_Sprite_setBlendFunc01'
     1>..\manual\cocos2d\lua_cocos2dx_manual.cpp(5060): warning C4996: 'tolua_cocos2dx_LayerColor_setBlendFunc01': was declared deprecated
                 ..\manual\cocos2d\lua_cocos2dx_manual.cpp(3521) : see declaration of 'tolua_cocos2dx_LayerColor_setBlendFunc01'
     1>..\manual\cocos2d\lua_cocos2dx_manual.cpp(5086): warning C4996: 'tolua_cocos2dx_ParticleSystem_setBlendFunc01': was declared deprecated
                 ..\manual\cocos2d\lua_cocos2dx_manual.cpp(3534) : see declaration of 'tolua_cocos2dx_ParticleSystem_setBlendFunc01'
     1>..\manual\cocos2d\lua_cocos2dx_manual.cpp(5129): warning C4996: 'tolua_cocos2dx_SpriteBatchNode_setBlendFunc01': was declared deprecated
                 ..\manual\cocos2d\lua_cocos2dx_manual.cpp(3469) : see declaration of 'tolua_cocos2dx_SpriteBatchNode_setBlendFunc01'
     1>..\manual\cocos2d\lua_cocos2dx_manual.cpp(5142): warning C4996: 'tolua_cocos2dx_MotionStreak_setBlendFunc01': was declared deprecated
                 ..\manual\cocos2d\lua_cocos2dx_manual.cpp(3482) : see declaration of 'tolua_cocos2dx_MotionStreak_setBlendFunc01'
     1>..\manual\cocos2d\lua_cocos2dx_manual.cpp(5155): warning C4996: 'tolua_cocos2dx_AtlasNode_setBlendFunc01': was declared deprecated
                 ..\manual\cocos2d\lua_cocos2dx_manual.cpp(3495) : see declaration of 'tolua_cocos2dx_AtlasNode_setBlendFunc01'
     1>..\manual\cocos2d\lua_cocos2dx_manual.cpp(5168): warning C4996: 'tolua_cocos2dx_ParticleBatchNode_setBlendFunc01': was declared deprecated
                 ..\manual\cocos2d\lua_cocos2dx_manual.cpp(3508) : see declaration of 'tolua_cocos2dx_ParticleBatchNode_setBlendFunc01'
     1>..\manual\cocos2d\lua_cocos2dx_manual.cpp(6813): warning C4018: '<' : signed/unsigned mismatch
     1>..\manual\cocos2d\lua_cocos2dx_manual.cpp(7046): warning C4018: '<=' : signed/unsigned mismatch
         CustomGUIReader.cpp
         lua-cocos-studio-conversions.cpp
         lua_cocos2dx_coco_studio_manual.cpp
         lua_cocos2dx_csloader_manual.cpp
         lua_cocos2dx_extension_manual.cpp
         LuaBasicConversions.cpp
         lua_cocos2dx_network_manual.cpp
         Lua_web_socket.cpp
         lua_xml_http_request.cpp
         LuaSkeletonAnimation.cpp
     1>C:\aaronwang\reference\cocos2d-x\cocos2d-x-3.6\cocos\network/HttpRequest.h(245): warning C4996: 'cocos2d::network::HttpRequest::setResponseCallback': was declared deprecated (..\manual\network\lua_cocos2dx_network_manual.cpp)
                 C:\aaronwang\reference\cocos2d-x\cocos2d-x-3.6\cocos\network/HttpRequest.h(255) : see declaration of 'cocos2d::network::HttpRequest::setResponseCallback'
     1>C:\aaronwang\reference\cocos2d-x\cocos2d-x-3.6\cocos\network/HttpRequest.h(245): warning C4996: 'cocos2d::network::HttpRequest::setResponseCallback': was declared deprecated (..\manual\network\lua_xml_http_request.cpp)
                 C:\aaronwang\reference\cocos2d-x\cocos2d-x-3.6\cocos\network/HttpRequest.h(255) : see declaration of 'cocos2d::network::HttpRequest::setResponseCallback'
         lua_cocos2dx_spine_manual.cpp
     1>..\manual\cocostudio\lua_cocos2dx_coco_studio_manual.cpp(386): warning C4996: 'cocostudio::Bone::getIgnoreMovementBoneData': was declared deprecated
                 C:\aaronwang\reference\cocos2d-x\cocos2d-x-3.6\cocos\editor-support\cocostudio/CCBone.h(194) : see declaration of 'cocostudio::Bone::getIgnoreMovementBoneData'
                 C:\aaronwang\reference\cocos2d-x\cocos2d-x-3.6\cocos\editor-support\cocostudio/CCBone.h(194) : see declaration of 'cocostudio::Bone::getIgnoreMovementBoneData'
         tolua_fix.cpp
         lua_cocos2dx_experimental_video_manual.cpp
         lua_cocos2dx_experimental_webview_manual.cpp
         lua_cocos2dx_ui_manual.cpp
     1>..\manual\network\lua_xml_http_request.cpp(317): warning C4102: 'tolua_lerror' : unreferenced label
     1>..\manual\network\lua_xml_http_request.cpp(698): warning C4018: '<' : signed/unsigned mismatch
     1>..\manual\spine\lua_cocos2dx_spine_manual.cpp(478): warning C4996: 'tolua_spine_SkeletoneAnimation_setBlendFunc': was declared deprecated
                 ..\manual\spine\lua_cocos2dx_spine_manual.cpp(325) : see declaration of 'tolua_spine_SkeletoneAnimation_setBlendFunc'
       Lib:
         C:\Program Files (x86)\Microsoft Visual Studio 11.0\VC\bin\Lib.exe /OUT:"C:\aaronwang\reference\cocos2d-x\cocos2d-x-3.6\build\Debug.win32\libluacocos2d.lib" /NOLOGO Debug.win32\libluacocos2d\auxiliar.obj
         Debug.win32\libluacocos2d\buffer.obj
         Debug.win32\libluacocos2d\except.obj
         Debug.win32\libluacocos2d\inet.obj
         Debug.win32\libluacocos2d\io.obj
         Debug.win32\libluacocos2d\luasocket.obj
         Debug.win32\libluacocos2d\luasocket_scripts.obj
         Debug.win32\libluacocos2d\mime.obj
         Debug.win32\libluacocos2d\options.obj
         Debug.win32\libluacocos2d\select.obj
         Debug.win32\libluacocos2d\tcp.obj
         Debug.win32\libluacocos2d\timeout.obj
         Debug.win32\libluacocos2d\udp.obj
         Debug.win32\libluacocos2d\wsocket.obj
         Debug.win32\libluacocos2d\tolua_event.obj
         Debug.win32\libluacocos2d\tolua_is.obj
         Debug.win32\libluacocos2d\tolua_map.obj
         Debug.win32\libluacocos2d\tolua_push.obj
         Debug.win32\libluacocos2d\tolua_to.obj
         Debug.win32\libluacocos2d\xxtea.obj
         Debug.win32\libluacocos2d\lua_cocos2dx_3d_auto.obj
         Debug.win32\libluacocos2d\lua_cocos2dx_audioengine_auto.obj
         Debug.win32\libluacocos2d\lua_cocos2dx_auto.obj
         Debug.win32\libluacocos2d\lua_cocos2dx_cocosbuilder_auto.obj
         Debug.win32\libluacocos2d\lua_cocos2dx_cocosdenshion_auto.obj
         Debug.win32\libluacocos2d\lua_cocos2dx_csloader_auto.obj
         Debug.win32\libluacocos2d\lua_cocos2dx_experimental_auto.obj
         Debug.win32\libluacocos2d\lua_cocos2dx_experimental_video_auto.obj
         Debug.win32\libluacocos2d\lua_cocos2dx_experimental_webview_auto.obj
         Debug.win32\libluacocos2d\lua_cocos2dx_extension_auto.obj
         Debug.win32\libluacocos2d\lua_cocos2dx_physics_auto.obj
         Debug.win32\libluacocos2d\lua_cocos2dx_spine_auto.obj
         Debug.win32\libluacocos2d\lua_cocos2dx_studio_auto.obj
         Debug.win32\libluacocos2d\lua_cocos2dx_ui_auto.obj
         Debug.win32\libluacocos2d\lua_cocos2dx_3d_manual.obj
         Debug.win32\libluacocos2d\lua_cocos2dx_audioengine_manual.obj
         Debug.win32\libluacocos2d\CCLuaBridge.obj
         Debug.win32\libluacocos2d\CCLuaEngine.obj
         Debug.win32\libluacocos2d\CCLuaStack.obj
         Debug.win32\libluacocos2d\CCLuaValue.obj
         Debug.win32\libluacocos2d\Cocos2dxLuaLoader.obj
         Debug.win32\libluacocos2d\LuaOpengl.obj
         Debug.win32\libluacocos2d\LuaScriptHandlerMgr.obj
         Debug.win32\libluacocos2d\lua_cocos2dx_deprecated.obj
         Debug.win32\libluacocos2d\lua_cocos2dx_experimental_manual.obj
         Debug.win32\libluacocos2d\lua_cocos2dx_manual.obj
         Debug.win32\libluacocos2d\lua_cocos2dx_physics_manual.obj
         Debug.win32\libluacocos2d\CCBProxy.obj
         Debug.win32\libluacocos2d\lua_cocos2dx_cocosbuilder_manual.obj
         Debug.win32\libluacocos2d\lua_cocos2dx_cocosdenshion_manual.obj
         Debug.win32\libluacocos2d\CustomGUIReader.obj
         "Debug.win32\libluacocos2d\lua-cocos-studio-conversions.obj"
         Debug.win32\libluacocos2d\lua_cocos2dx_coco_studio_manual.obj
         Debug.win32\libluacocos2d\lua_cocos2dx_csloader_manual.obj
         Debug.win32\libluacocos2d\lua_cocos2dx_extension_manual.obj
         Debug.win32\libluacocos2d\LuaBasicConversions.obj
         Debug.win32\libluacocos2d\lua_cocos2dx_network_manual.obj
         Debug.win32\libluacocos2d\lua_extensions.obj
         Debug.win32\libluacocos2d\Lua_web_socket.obj
         Debug.win32\libluacocos2d\lua_xml_http_request.obj
         Debug.win32\libluacocos2d\LuaSkeletonAnimation.obj
         Debug.win32\libluacocos2d\lua_cocos2dx_spine_manual.obj
         Debug.win32\libluacocos2d\tolua_fix.obj
         Debug.win32\libluacocos2d\lua_cocos2dx_experimental_video_manual.obj
         Debug.win32\libluacocos2d\lua_cocos2dx_experimental_webview_manual.obj
         Debug.win32\libluacocos2d\lua_cocos2dx_ui_manual.obj
         libluacocos2d.vcxproj -> C:\aaronwang\reference\cocos2d-x\cocos2d-x-3.6\build\Debug.win32\libluacocos2d.lib
     1>Done Building Project "C:\aaronwang\reference\cocos2d-x\cocos2d-x-3.6\cocos\scripting\lua-bindings\proj.win32\libluacocos2d.vcxproj" (Build target(s)).

Build succeeded.

Time Elapsed 00:02:25.00
